  alloc2darray.cpp
E:\Git\-\库文件\alloc2darray\alloc2darray\StringIntegration.h(60,10): warning C4251:  “StringIntegration::s”: class“std::basic_string<char,std::char_traits<char>,std::allocator<char>>”需要有 dll 接口由 class“StringIntegration”的客户端使用
  MSort.cpp
C:\Program Files (x86)\Microsoft Visual Studio\2019\Community\VC\Tools\MSVC\14.22.27905\include\xstring(4343): message :  参见“std::basic_string<char,std::char_traits<char>,std::allocator<char>>”的声明
E:\Git\-\库文件\alloc2darray\alloc2darray\MSort.h(29): warning C4091:  “typedef ”: 没有声明变量时忽略“MSort<T>::SortFunction”的左侧
E:\Git\-\库文件\alloc2darray\alloc2darray\MSort.h(56): message :  查看对正在编译的 类 模板 实例化“MSort<T>”的引用
E:\Git\-\库文件\alloc2darray\alloc2darray\MSort.h(55,1): warning C4251:  “MSort<T>::comp”: class“std::function<bool(T,T)>”需要有 dll 接口由 class“MSort<T>”的客户端使用
E:\Git\-\库文件\alloc2darray\alloc2darray\MSort.h(16): message :  参见“std::function<bool(T,T)>”的声明
E:\Git\-\库文件\alloc2darray\alloc2darray\MSort.h(78,1): warning C4251:  “Heap<T>::comp”: class“std::function<bool(T,T)>”需要有 dll 接口由 class“Heap<T>”的客户端使用
E:\Git\-\库文件\alloc2darray\alloc2darray\MSort.h(16): message :  参见“std::function<bool(T,T)>”的声明
E:\Git\-\库文件\alloc2darray\alloc2darray\MSort.h(81): message :  查看对正在编译的 类 模板 实例化“Heap<T>”的引用
E:\Git\-\库文件\alloc2darray\alloc2darray\MSort.h(29): warning C4091:  “typedef ”: 没有声明变量时忽略“MSort<short>::SortFunction”的左侧
E:\Git\-\库文件\alloc2darray\alloc2darray\MSort.cpp(260): message :  查看对正在编译的 类 模板 实例化“MSort<short>”的引用
E:\Git\-\库文件\alloc2darray\alloc2darray\MSort.h(55,1): warning C4251:  “MSort<short>::comp”: class“std::function<bool (T,T)>”需要有 dll 接口由 class“MSort<short>”的客户端使用
E:\Git\-\库文件\alloc2darray\alloc2darray\MSort.h(55,1): warning C4251:         with
E:\Git\-\库文件\alloc2darray\alloc2darray\MSort.h(55,1): warning C4251:         [
E:\Git\-\库文件\alloc2darray\alloc2darray\MSort.h(55,1): warning C4251:             T=short
E:\Git\-\库文件\alloc2darray\alloc2darray\MSort.h(55,1): warning C4251:         ]
E:\Git\-\库文件\alloc2darray\alloc2darray\MSort.h(16): message :  参见“std::function<bool (T,T)>”的声明
E:\Git\-\库文件\alloc2darray\alloc2darray\MSort.h(16): message :         with
E:\Git\-\库文件\alloc2darray\alloc2darray\MSort.h(16): message :         [
E:\Git\-\库文件\alloc2darray\alloc2darray\MSort.h(16): message :             T=short
E:\Git\-\库文件\alloc2darray\alloc2darray\MSort.h(16): message :         ]
E:\Git\-\库文件\alloc2darray\alloc2darray\MSort.h(29): warning C4091:  “typedef ”: 没有声明变量时忽略“MSort<unsigned short>::SortFunction”的左侧
E:\Git\-\库文件\alloc2darray\alloc2darray\MSort.cpp(261): message :  查看对正在编译的 类 模板 实例化“MSort<unsigned short>”的引用
E:\Git\-\库文件\alloc2darray\alloc2darray\MSort.h(55,1): warning C4251:  “MSort<unsigned short>::comp”: class“std::function<bool (T,T)>”需要有 dll 接口由 class“MSort<unsigned short>”的客户端使用
E:\Git\-\库文件\alloc2darray\alloc2darray\MSort.h(55,1): warning C4251:         with
E:\Git\-\库文件\alloc2darray\alloc2darray\MSort.h(55,1): warning C4251:         [
E:\Git\-\库文件\alloc2darray\alloc2darray\MSort.h(55,1): warning C4251:             T=unsigned short
E:\Git\-\库文件\alloc2darray\alloc2darray\MSort.h(55,1): warning C4251:         ]
E:\Git\-\库文件\alloc2darray\alloc2darray\MSort.h(16): message :  参见“std::function<bool (T,T)>”的声明
E:\Git\-\库文件\alloc2darray\alloc2darray\MSort.h(16): message :         with
E:\Git\-\库文件\alloc2darray\alloc2darray\MSort.h(16): message :         [
E:\Git\-\库文件\alloc2darray\alloc2darray\MSort.h(16): message :             T=unsigned short
E:\Git\-\库文件\alloc2darray\alloc2darray\MSort.h(16): message :         ]
E:\Git\-\库文件\alloc2darray\alloc2darray\MSort.h(29): warning C4091:  “typedef ”: 没有声明变量时忽略“MSort<int>::SortFunction”的左侧
E:\Git\-\库文件\alloc2darray\alloc2darray\MSort.cpp(262): message :  查看对正在编译的 类 模板 实例化“MSort<int>”的引用
E:\Git\-\库文件\alloc2darray\alloc2darray\MSort.h(55,1): warning C4251:  “MSort<int>::comp”: class“std::function<bool (T,T)>”需要有 dll 接口由 class“MSort<int>”的客户端使用
E:\Git\-\库文件\alloc2darray\alloc2darray\MSort.h(55,1): warning C4251:         with
E:\Git\-\库文件\alloc2darray\alloc2darray\MSort.h(55,1): warning C4251:         [
E:\Git\-\库文件\alloc2darray\alloc2darray\MSort.h(55,1): warning C4251:             T=int
E:\Git\-\库文件\alloc2darray\alloc2darray\MSort.h(55,1): warning C4251:         ]
E:\Git\-\库文件\alloc2darray\alloc2darray\MSort.h(16): message :  参见“std::function<bool (T,T)>”的声明
E:\Git\-\库文件\alloc2darray\alloc2darray\MSort.h(16): message :         with
E:\Git\-\库文件\alloc2darray\alloc2darray\MSort.h(16): message :         [
E:\Git\-\库文件\alloc2darray\alloc2darray\MSort.h(16): message :             T=int
E:\Git\-\库文件\alloc2darray\alloc2darray\MSort.h(16): message :         ]
E:\Git\-\库文件\alloc2darray\alloc2darray\MSort.h(29): warning C4091:  “typedef ”: 没有声明变量时忽略“MSort<unsigned int>::SortFunction”的左侧
E:\Git\-\库文件\alloc2darray\alloc2darray\MSort.cpp(263): message :  查看对正在编译的 类 模板 实例化“MSort<unsigned int>”的引用
E:\Git\-\库文件\alloc2darray\alloc2darray\MSort.h(55,1): warning C4251:  “MSort<unsigned int>::comp”: class“std::function<bool (T,T)>”需要有 dll 接口由 class“MSort<unsigned int>”的客户端使用
E:\Git\-\库文件\alloc2darray\alloc2darray\MSort.h(55,1): warning C4251:         with
E:\Git\-\库文件\alloc2darray\alloc2darray\MSort.h(55,1): warning C4251:         [
E:\Git\-\库文件\alloc2darray\alloc2darray\MSort.h(55,1): warning C4251:             T=unsigned int
E:\Git\-\库文件\alloc2darray\alloc2darray\MSort.h(55,1): warning C4251:         ]
E:\Git\-\库文件\alloc2darray\alloc2darray\MSort.h(16): message :  参见“std::function<bool (T,T)>”的声明
E:\Git\-\库文件\alloc2darray\alloc2darray\MSort.h(16): message :         with
E:\Git\-\库文件\alloc2darray\alloc2darray\MSort.h(16): message :         [
E:\Git\-\库文件\alloc2darray\alloc2darray\MSort.h(16): message :             T=unsigned int
E:\Git\-\库文件\alloc2darray\alloc2darray\MSort.h(16): message :         ]
E:\Git\-\库文件\alloc2darray\alloc2darray\MSort.h(29): warning C4091:  “typedef ”: 没有声明变量时忽略“MSort<long>::SortFunction”的左侧
E:\Git\-\库文件\alloc2darray\alloc2darray\MSort.cpp(264): message :  查看对正在编译的 类 模板 实例化“MSort<long>”的引用
E:\Git\-\库文件\alloc2darray\alloc2darray\MSort.h(55,1): warning C4251:  “MSort<long>::comp”: class“std::function<bool (T,T)>”需要有 dll 接口由 class“MSort<long>”的客户端使用
E:\Git\-\库文件\alloc2darray\alloc2darray\MSort.h(55,1): warning C4251:         with
E:\Git\-\库文件\alloc2darray\alloc2darray\MSort.h(55,1): warning C4251:         [
E:\Git\-\库文件\alloc2darray\alloc2darray\MSort.h(55,1): warning C4251:             T=long
E:\Git\-\库文件\alloc2darray\alloc2darray\MSort.h(55,1): warning C4251:         ]
E:\Git\-\库文件\alloc2darray\alloc2darray\MSort.h(16): message :  参见“std::function<bool (T,T)>”的声明
E:\Git\-\库文件\alloc2darray\alloc2darray\MSort.h(16): message :         with
E:\Git\-\库文件\alloc2darray\alloc2darray\MSort.h(16): message :         [
E:\Git\-\库文件\alloc2darray\alloc2darray\MSort.h(16): message :             T=long
E:\Git\-\库文件\alloc2darray\alloc2darray\MSort.h(16): message :         ]
E:\Git\-\库文件\alloc2darray\alloc2darray\MSort.h(29): warning C4091:  “typedef ”: 没有声明变量时忽略“MSort<unsigned long>::SortFunction”的左侧
E:\Git\-\库文件\alloc2darray\alloc2darray\MSort.cpp(265): message :  查看对正在编译的 类 模板 实例化“MSort<unsigned long>”的引用
E:\Git\-\库文件\alloc2darray\alloc2darray\MSort.h(55,1): warning C4251:  “MSort<unsigned long>::comp”: class“std::function<bool (T,T)>”需要有 dll 接口由 class“MSort<unsigned long>”的客户端使用
E:\Git\-\库文件\alloc2darray\alloc2darray\MSort.h(55,1): warning C4251:         with
E:\Git\-\库文件\alloc2darray\alloc2darray\MSort.h(55,1): warning C4251:         [
E:\Git\-\库文件\alloc2darray\alloc2darray\MSort.h(55,1): warning C4251:             T=unsigned long
E:\Git\-\库文件\alloc2darray\alloc2darray\MSort.h(55,1): warning C4251:         ]
E:\Git\-\库文件\alloc2darray\alloc2darray\MSort.h(16): message :  参见“std::function<bool (T,T)>”的声明
E:\Git\-\库文件\alloc2darray\alloc2darray\MSort.h(16): message :         with
E:\Git\-\库文件\alloc2darray\alloc2darray\MSort.h(16): message :         [
E:\Git\-\库文件\alloc2darray\alloc2darray\MSort.h(16): message :             T=unsigned long
E:\Git\-\库文件\alloc2darray\alloc2darray\MSort.h(16): message :         ]
E:\Git\-\库文件\alloc2darray\alloc2darray\MSort.h(29): warning C4091:  “typedef ”: 没有声明变量时忽略“MSort<__int64>::SortFunction”的左侧
E:\Git\-\库文件\alloc2darray\alloc2darray\MSort.cpp(266): message :  查看对正在编译的 类 模板 实例化“MSort<__int64>”的引用
E:\Git\-\库文件\alloc2darray\alloc2darray\MSort.h(55,1): warning C4251:  “MSort<__int64>::comp”: class“std::function<bool (T,T)>”需要有 dll 接口由 class“MSort<__int64>”的客户端使用
E:\Git\-\库文件\alloc2darray\alloc2darray\MSort.h(55,1): warning C4251:         with
E:\Git\-\库文件\alloc2darray\alloc2darray\MSort.h(55,1): warning C4251:         [
E:\Git\-\库文件\alloc2darray\alloc2darray\MSort.h(55,1): warning C4251:             T=__int64
E:\Git\-\库文件\alloc2darray\alloc2darray\MSort.h(55,1): warning C4251:         ]
E:\Git\-\库文件\alloc2darray\alloc2darray\MSort.h(16): message :  参见“std::function<bool (T,T)>”的声明
E:\Git\-\库文件\alloc2darray\alloc2darray\MSort.h(16): message :         with
E:\Git\-\库文件\alloc2darray\alloc2darray\MSort.h(16): message :         [
E:\Git\-\库文件\alloc2darray\alloc2darray\MSort.h(16): message :             T=__int64
E:\Git\-\库文件\alloc2darray\alloc2darray\MSort.h(16): message :         ]
E:\Git\-\库文件\alloc2darray\alloc2darray\MSort.h(29): warning C4091:  “typedef ”: 没有声明变量时忽略“MSort<unsigned __int64>::SortFunction”的左侧
E:\Git\-\库文件\alloc2darray\alloc2darray\MSort.cpp(267): message :  查看对正在编译的 类 模板 实例化“MSort<unsigned __int64>”的引用
E:\Git\-\库文件\alloc2darray\alloc2darray\MSort.h(55,1): warning C4251:  “MSort<unsigned __int64>::comp”: class“std::function<bool (T,T)>”需要有 dll 接口由 class“MSort<unsigned __int64>”的客户端使用
E:\Git\-\库文件\alloc2darray\alloc2darray\MSort.h(55,1): warning C4251:         with
E:\Git\-\库文件\alloc2darray\alloc2darray\MSort.h(55,1): warning C4251:         [
E:\Git\-\库文件\alloc2darray\alloc2darray\MSort.h(55,1): warning C4251:             T=unsigned __int64
E:\Git\-\库文件\alloc2darray\alloc2darray\MSort.h(55,1): warning C4251:         ]
E:\Git\-\库文件\alloc2darray\alloc2darray\MSort.h(16): message :  参见“std::function<bool (T,T)>”的声明
E:\Git\-\库文件\alloc2darray\alloc2darray\MSort.h(16): message :         with
E:\Git\-\库文件\alloc2darray\alloc2darray\MSort.h(16): message :         [
E:\Git\-\库文件\alloc2darray\alloc2darray\MSort.h(16): message :             T=unsigned __int64
E:\Git\-\库文件\alloc2darray\alloc2darray\MSort.h(16): message :         ]
E:\Git\-\库文件\alloc2darray\alloc2darray\MSort.h(78,1): warning C4251:  “Heap<T>::comp”: class“std::function<bool (T,T)>”需要有 dll 接口由 class“Heap<T>”的客户端使用
E:\Git\-\库文件\alloc2darray\alloc2darray\MSort.h(78,1): warning C4251:         with
E:\Git\-\库文件\alloc2darray\alloc2darray\MSort.h(78,1): warning C4251:         [
E:\Git\-\库文件\alloc2darray\alloc2darray\MSort.h(78,1): warning C4251:             T=short
E:\Git\-\库文件\alloc2darray\alloc2darray\MSort.h(78,1): warning C4251:         ]
E:\Git\-\库文件\alloc2darray\alloc2darray\MSort.h(16): message :  参见“std::function<bool (T,T)>”的声明
E:\Git\-\库文件\alloc2darray\alloc2darray\MSort.h(16): message :         with
E:\Git\-\库文件\alloc2darray\alloc2darray\MSort.h(16): message :         [
E:\Git\-\库文件\alloc2darray\alloc2darray\MSort.h(16): message :             T=short
E:\Git\-\库文件\alloc2darray\alloc2darray\MSort.h(16): message :         ]
E:\Git\-\库文件\alloc2darray\alloc2darray\MSort.cpp(150): message :  查看对正在编译的 类 模板 实例化“Heap<T>”的引用
E:\Git\-\库文件\alloc2darray\alloc2darray\MSort.cpp(150): message :         with
E:\Git\-\库文件\alloc2darray\alloc2darray\MSort.cpp(150): message :         [
E:\Git\-\库文件\alloc2darray\alloc2darray\MSort.cpp(150): message :             T=short
E:\Git\-\库文件\alloc2darray\alloc2darray\MSort.cpp(150): message :         ]
E:\Git\-\库文件\alloc2darray\alloc2darray\MSort.cpp(149): message :  在编译 类 模板 成员函数“void MSort<short>::HeapSort(void)”时
E:\Git\-\库文件\alloc2darray\alloc2darray\MSort.cpp(24): message :  查看对正在编译的函数 模板 实例化“void MSort<short>::HeapSort(void)”的引用
E:\Git\-\库文件\alloc2darray\alloc2darray\MSort.cpp(260): message :  查看对正在编译的 类 模板 实例化“MSort<short>”的引用
E:\Git\-\库文件\alloc2darray\alloc2darray\MSort.cpp(185,21): warning C4018:  “<=”: 有符号/无符号不匹配
E:\Git\-\库文件\alloc2darray\alloc2darray\MSort.cpp(179): message :  在编译 类 模板 成员函数“void MSort<short>::CountSort(void)”时
E:\Git\-\库文件\alloc2darray\alloc2darray\MSort.cpp(26): message :  查看对正在编译的函数 模板 实例化“void MSort<short>::CountSort(void)”的引用
E:\Git\-\库文件\alloc2darray\alloc2darray\MSort.cpp(189,27): warning C4018:  “<=”: 有符号/无符号不匹配
E:\Git\-\库文件\alloc2darray\alloc2darray\MSort.h(78,1): warning C4251:  “Heap<T>::comp”: class“std::function<bool (T,T)>”需要有 dll 接口由 class“Heap<T>”的客户端使用
E:\Git\-\库文件\alloc2darray\alloc2darray\MSort.h(78,1): warning C4251:         with
E:\Git\-\库文件\alloc2darray\alloc2darray\MSort.h(78,1): warning C4251:         [
E:\Git\-\库文件\alloc2darray\alloc2darray\MSort.h(78,1): warning C4251:             T=unsigned short
E:\Git\-\库文件\alloc2darray\alloc2darray\MSort.h(78,1): warning C4251:         ]
E:\Git\-\库文件\alloc2darray\alloc2darray\MSort.h(16): message :  参见“std::function<bool (T,T)>”的声明
E:\Git\-\库文件\alloc2darray\alloc2darray\MSort.h(16): message :         with
E:\Git\-\库文件\alloc2darray\alloc2darray\MSort.h(16): message :         [
E:\Git\-\库文件\alloc2darray\alloc2darray\MSort.h(16): message :             T=unsigned short
E:\Git\-\库文件\alloc2darray\alloc2darray\MSort.h(16): message :         ]
E:\Git\-\库文件\alloc2darray\alloc2darray\MSort.cpp(150): message :  查看对正在编译的 类 模板 实例化“Heap<T>”的引用
E:\Git\-\库文件\alloc2darray\alloc2darray\MSort.cpp(150): message :         with
E:\Git\-\库文件\alloc2darray\alloc2darray\MSort.cpp(150): message :         [
E:\Git\-\库文件\alloc2darray\alloc2darray\MSort.cpp(150): message :             T=unsigned short
E:\Git\-\库文件\alloc2darray\alloc2darray\MSort.cpp(150): message :         ]
E:\Git\-\库文件\alloc2darray\alloc2darray\MSort.cpp(149): message :  在编译 类 模板 成员函数“void MSort<unsigned short>::HeapSort(void)”时
E:\Git\-\库文件\alloc2darray\alloc2darray\MSort.cpp(24): message :  查看对正在编译的函数 模板 实例化“void MSort<unsigned short>::HeapSort(void)”的引用
E:\Git\-\库文件\alloc2darray\alloc2darray\MSort.cpp(261): message :  查看对正在编译的 类 模板 实例化“MSort<unsigned short>”的引用
E:\Git\-\库文件\alloc2darray\alloc2darray\MSort.h(78,1): warning C4251:  “Heap<T>::comp”: class“std::function<bool (T,T)>”需要有 dll 接口由 class“Heap<T>”的客户端使用
E:\Git\-\库文件\alloc2darray\alloc2darray\MSort.h(78,1): warning C4251:         with
E:\Git\-\库文件\alloc2darray\alloc2darray\MSort.h(78,1): warning C4251:         [
E:\Git\-\库文件\alloc2darray\alloc2darray\MSort.h(78,1): warning C4251:             T=int
E:\Git\-\库文件\alloc2darray\alloc2darray\MSort.h(78,1): warning C4251:         ]
E:\Git\-\库文件\alloc2darray\alloc2darray\MSort.h(16): message :  参见“std::function<bool (T,T)>”的声明
E:\Git\-\库文件\alloc2darray\alloc2darray\MSort.h(16): message :         with
E:\Git\-\库文件\alloc2darray\alloc2darray\MSort.h(16): message :         [
E:\Git\-\库文件\alloc2darray\alloc2darray\MSort.h(16): message :             T=int
E:\Git\-\库文件\alloc2darray\alloc2darray\MSort.h(16): message :         ]
E:\Git\-\库文件\alloc2darray\alloc2darray\MSort.cpp(150): message :  查看对正在编译的 类 模板 实例化“Heap<T>”的引用
E:\Git\-\库文件\alloc2darray\alloc2darray\MSort.cpp(150): message :         with
E:\Git\-\库文件\alloc2darray\alloc2darray\MSort.cpp(150): message :         [
E:\Git\-\库文件\alloc2darray\alloc2darray\MSort.cpp(150): message :             T=int
E:\Git\-\库文件\alloc2darray\alloc2darray\MSort.cpp(150): message :         ]
E:\Git\-\库文件\alloc2darray\alloc2darray\MSort.cpp(149): message :  在编译 类 模板 成员函数“void MSort<int>::HeapSort(void)”时
E:\Git\-\库文件\alloc2darray\alloc2darray\MSort.cpp(24): message :  查看对正在编译的函数 模板 实例化“void MSort<int>::HeapSort(void)”的引用
E:\Git\-\库文件\alloc2darray\alloc2darray\MSort.cpp(262): message :  查看对正在编译的 类 模板 实例化“MSort<int>”的引用
E:\Git\-\库文件\alloc2darray\alloc2darray\MSort.h(78,1): warning C4251:  “Heap<T>::comp”: class“std::function<bool (T,T)>”需要有 dll 接口由 class“Heap<T>”的客户端使用
E:\Git\-\库文件\alloc2darray\alloc2darray\MSort.h(78,1): warning C4251:         with
E:\Git\-\库文件\alloc2darray\alloc2darray\MSort.h(78,1): warning C4251:         [
E:\Git\-\库文件\alloc2darray\alloc2darray\MSort.h(78,1): warning C4251:             T=unsigned int
E:\Git\-\库文件\alloc2darray\alloc2darray\MSort.h(78,1): warning C4251:         ]
E:\Git\-\库文件\alloc2darray\alloc2darray\MSort.h(16): message :  参见“std::function<bool (T,T)>”的声明
E:\Git\-\库文件\alloc2darray\alloc2darray\MSort.h(16): message :         with
E:\Git\-\库文件\alloc2darray\alloc2darray\MSort.h(16): message :         [
E:\Git\-\库文件\alloc2darray\alloc2darray\MSort.h(16): message :             T=unsigned int
E:\Git\-\库文件\alloc2darray\alloc2darray\MSort.h(16): message :         ]
E:\Git\-\库文件\alloc2darray\alloc2darray\MSort.cpp(150): message :  查看对正在编译的 类 模板 实例化“Heap<T>”的引用
E:\Git\-\库文件\alloc2darray\alloc2darray\MSort.cpp(150): message :         with
E:\Git\-\库文件\alloc2darray\alloc2darray\MSort.cpp(150): message :         [
E:\Git\-\库文件\alloc2darray\alloc2darray\MSort.cpp(150): message :             T=unsigned int
E:\Git\-\库文件\alloc2darray\alloc2darray\MSort.cpp(150): message :         ]
E:\Git\-\库文件\alloc2darray\alloc2darray\MSort.cpp(149): message :  在编译 类 模板 成员函数“void MSort<unsigned int>::HeapSort(void)”时
E:\Git\-\库文件\alloc2darray\alloc2darray\MSort.cpp(24): message :  查看对正在编译的函数 模板 实例化“void MSort<unsigned int>::HeapSort(void)”的引用
E:\Git\-\库文件\alloc2darray\alloc2darray\MSort.cpp(263): message :  查看对正在编译的 类 模板 实例化“MSort<unsigned int>”的引用
E:\Git\-\库文件\alloc2darray\alloc2darray\MSort.h(78,1): warning C4251:  “Heap<T>::comp”: class“std::function<bool (T,T)>”需要有 dll 接口由 class“Heap<T>”的客户端使用
E:\Git\-\库文件\alloc2darray\alloc2darray\MSort.h(78,1): warning C4251:         with
E:\Git\-\库文件\alloc2darray\alloc2darray\MSort.h(78,1): warning C4251:         [
E:\Git\-\库文件\alloc2darray\alloc2darray\MSort.h(78,1): warning C4251:             T=long
E:\Git\-\库文件\alloc2darray\alloc2darray\MSort.h(78,1): warning C4251:         ]
E:\Git\-\库文件\alloc2darray\alloc2darray\MSort.h(16): message :  参见“std::function<bool (T,T)>”的声明
E:\Git\-\库文件\alloc2darray\alloc2darray\MSort.h(16): message :         with
E:\Git\-\库文件\alloc2darray\alloc2darray\MSort.h(16): message :         [
E:\Git\-\库文件\alloc2darray\alloc2darray\MSort.h(16): message :             T=long
E:\Git\-\库文件\alloc2darray\alloc2darray\MSort.h(16): message :         ]
E:\Git\-\库文件\alloc2darray\alloc2darray\MSort.cpp(150): message :  查看对正在编译的 类 模板 实例化“Heap<T>”的引用
E:\Git\-\库文件\alloc2darray\alloc2darray\MSort.cpp(150): message :         with
E:\Git\-\库文件\alloc2darray\alloc2darray\MSort.cpp(150): message :         [
E:\Git\-\库文件\alloc2darray\alloc2darray\MSort.cpp(150): message :             T=long
E:\Git\-\库文件\alloc2darray\alloc2darray\MSort.cpp(150): message :         ]
E:\Git\-\库文件\alloc2darray\alloc2darray\MSort.cpp(149): message :  在编译 类 模板 成员函数“void MSort<long>::HeapSort(void)”时
E:\Git\-\库文件\alloc2darray\alloc2darray\MSort.cpp(24): message :  查看对正在编译的函数 模板 实例化“void MSort<long>::HeapSort(void)”的引用
E:\Git\-\库文件\alloc2darray\alloc2darray\MSort.cpp(264): message :  查看对正在编译的 类 模板 实例化“MSort<long>”的引用
E:\Git\-\库文件\alloc2darray\alloc2darray\MSort.h(78,1): warning C4251:  “Heap<T>::comp”: class“std::function<bool (T,T)>”需要有 dll 接口由 class“Heap<T>”的客户端使用
E:\Git\-\库文件\alloc2darray\alloc2darray\MSort.h(78,1): warning C4251:         with
E:\Git\-\库文件\alloc2darray\alloc2darray\MSort.h(78,1): warning C4251:         [
E:\Git\-\库文件\alloc2darray\alloc2darray\MSort.h(78,1): warning C4251:             T=unsigned long
E:\Git\-\库文件\alloc2darray\alloc2darray\MSort.h(78,1): warning C4251:         ]
E:\Git\-\库文件\alloc2darray\alloc2darray\MSort.h(16): message :  参见“std::function<bool (T,T)>”的声明
E:\Git\-\库文件\alloc2darray\alloc2darray\MSort.h(16): message :         with
E:\Git\-\库文件\alloc2darray\alloc2darray\MSort.h(16): message :         [
E:\Git\-\库文件\alloc2darray\alloc2darray\MSort.h(16): message :             T=unsigned long
E:\Git\-\库文件\alloc2darray\alloc2darray\MSort.h(16): message :         ]
E:\Git\-\库文件\alloc2darray\alloc2darray\MSort.cpp(150): message :  查看对正在编译的 类 模板 实例化“Heap<T>”的引用
E:\Git\-\库文件\alloc2darray\alloc2darray\MSort.cpp(150): message :         with
E:\Git\-\库文件\alloc2darray\alloc2darray\MSort.cpp(150): message :         [
E:\Git\-\库文件\alloc2darray\alloc2darray\MSort.cpp(150): message :             T=unsigned long
E:\Git\-\库文件\alloc2darray\alloc2darray\MSort.cpp(150): message :         ]
E:\Git\-\库文件\alloc2darray\alloc2darray\MSort.cpp(149): message :  在编译 类 模板 成员函数“void MSort<unsigned long>::HeapSort(void)”时
E:\Git\-\库文件\alloc2darray\alloc2darray\MSort.cpp(24): message :  查看对正在编译的函数 模板 实例化“void MSort<unsigned long>::HeapSort(void)”的引用
E:\Git\-\库文件\alloc2darray\alloc2darray\MSort.cpp(265): message :  查看对正在编译的 类 模板 实例化“MSort<unsigned long>”的引用
E:\Git\-\库文件\alloc2darray\alloc2darray\MSort.h(78,1): warning C4251:  “Heap<T>::comp”: class“std::function<bool (T,T)>”需要有 dll 接口由 class“Heap<T>”的客户端使用
E:\Git\-\库文件\alloc2darray\alloc2darray\MSort.h(78,1): warning C4251:         with
E:\Git\-\库文件\alloc2darray\alloc2darray\MSort.h(78,1): warning C4251:         [
E:\Git\-\库文件\alloc2darray\alloc2darray\MSort.h(78,1): warning C4251:             T=__int64
E:\Git\-\库文件\alloc2darray\alloc2darray\MSort.h(78,1): warning C4251:         ]
E:\Git\-\库文件\alloc2darray\alloc2darray\MSort.h(16): message :  参见“std::function<bool (T,T)>”的声明
E:\Git\-\库文件\alloc2darray\alloc2darray\MSort.h(16): message :         with
E:\Git\-\库文件\alloc2darray\alloc2darray\MSort.h(16): message :         [
E:\Git\-\库文件\alloc2darray\alloc2darray\MSort.h(16): message :             T=__int64
E:\Git\-\库文件\alloc2darray\alloc2darray\MSort.h(16): message :         ]
E:\Git\-\库文件\alloc2darray\alloc2darray\MSort.cpp(150): message :  查看对正在编译的 类 模板 实例化“Heap<T>”的引用
E:\Git\-\库文件\alloc2darray\alloc2darray\MSort.cpp(150): message :         with
E:\Git\-\库文件\alloc2darray\alloc2darray\MSort.cpp(150): message :         [
E:\Git\-\库文件\alloc2darray\alloc2darray\MSort.cpp(150): message :             T=__int64
E:\Git\-\库文件\alloc2darray\alloc2darray\MSort.cpp(150): message :         ]
E:\Git\-\库文件\alloc2darray\alloc2darray\MSort.cpp(149): message :  在编译 类 模板 成员函数“void MSort<__int64>::HeapSort(void)”时
E:\Git\-\库文件\alloc2darray\alloc2darray\MSort.cpp(24): message :  查看对正在编译的函数 模板 实例化“void MSort<__int64>::HeapSort(void)”的引用
E:\Git\-\库文件\alloc2darray\alloc2darray\MSort.cpp(266): message :  查看对正在编译的 类 模板 实例化“MSort<__int64>”的引用
E:\Git\-\库文件\alloc2darray\alloc2darray\MSort.cpp(184,25): warning C4244:  “初始化”: 从“T”转换到“unsigned int”，可能丢失数据
E:\Git\-\库文件\alloc2darray\alloc2darray\MSort.cpp(184,25): warning C4244:         with
E:\Git\-\库文件\alloc2darray\alloc2darray\MSort.cpp(184,25): warning C4244:         [
E:\Git\-\库文件\alloc2darray\alloc2darray\MSort.cpp(184,25): warning C4244:             T=__int64
E:\Git\-\库文件\alloc2darray\alloc2darray\MSort.cpp(184,25): warning C4244:         ]
E:\Git\-\库文件\alloc2darray\alloc2darray\MSort.cpp(179): message :  在编译 类 模板 成员函数“void MSort<__int64>::CountSort(void)”时
E:\Git\-\库文件\alloc2darray\alloc2darray\MSort.cpp(26): message :  查看对正在编译的函数 模板 实例化“void MSort<__int64>::CountSort(void)”的引用
E:\Git\-\库文件\alloc2darray\alloc2darray\MSort.h(78,1): warning C4251:  “Heap<T>::comp”: class“std::function<bool (T,T)>”需要有 dll 接口由 class“Heap<T>”的客户端使用
E:\Git\-\库文件\alloc2darray\alloc2darray\MSort.h(78,1): warning C4251:         with
E:\Git\-\库文件\alloc2darray\alloc2darray\MSort.h(78,1): warning C4251:         [
E:\Git\-\库文件\alloc2darray\alloc2darray\MSort.h(78,1): warning C4251:             T=unsigned __int64
E:\Git\-\库文件\alloc2darray\alloc2darray\MSort.h(78,1): warning C4251:         ]
E:\Git\-\库文件\alloc2darray\alloc2darray\MSort.h(16): message :  参见“std::function<bool (T,T)>”的声明
E:\Git\-\库文件\alloc2darray\alloc2darray\MSort.h(16): message :         with
E:\Git\-\库文件\alloc2darray\alloc2darray\MSort.h(16): message :         [
E:\Git\-\库文件\alloc2darray\alloc2darray\MSort.h(16): message :             T=unsigned __int64
E:\Git\-\库文件\alloc2darray\alloc2darray\MSort.h(16): message :         ]
E:\Git\-\库文件\alloc2darray\alloc2darray\MSort.cpp(150): message :  查看对正在编译的 类 模板 实例化“Heap<T>”的引用
E:\Git\-\库文件\alloc2darray\alloc2darray\MSort.cpp(150): message :         with
E:\Git\-\库文件\alloc2darray\alloc2darray\MSort.cpp(150): message :         [
E:\Git\-\库文件\alloc2darray\alloc2darray\MSort.cpp(150): message :             T=unsigned __int64
E:\Git\-\库文件\alloc2darray\alloc2darray\MSort.cpp(150): message :         ]
E:\Git\-\库文件\alloc2darray\alloc2darray\MSort.cpp(149): message :  在编译 类 模板 成员函数“void MSort<unsigned __int64>::HeapSort(void)”时
E:\Git\-\库文件\alloc2darray\alloc2darray\MSort.cpp(24): message :  查看对正在编译的函数 模板 实例化“void MSort<unsigned __int64>::HeapSort(void)”的引用
E:\Git\-\库文件\alloc2darray\alloc2darray\MSort.cpp(267): message :  查看对正在编译的 类 模板 实例化“MSort<unsigned __int64>”的引用
E:\Git\-\库文件\alloc2darray\alloc2darray\MSort.cpp(184,25): warning C4244:  “初始化”: 从“T”转换到“unsigned int”，可能丢失数据
E:\Git\-\库文件\alloc2darray\alloc2darray\MSort.cpp(184,25): warning C4244:         with
E:\Git\-\库文件\alloc2darray\alloc2darray\MSort.cpp(184,25): warning C4244:         [
E:\Git\-\库文件\alloc2darray\alloc2darray\MSort.cpp(184,25): warning C4244:             T=unsigned __int64
E:\Git\-\库文件\alloc2darray\alloc2darray\MSort.cpp(184,25): warning C4244:         ]
E:\Git\-\库文件\alloc2darray\alloc2darray\MSort.cpp(179): message :  在编译 类 模板 成员函数“void MSort<unsigned __int64>::CountSort(void)”时
  正在生成代码...
E:\Git\-\库文件\alloc2darray\alloc2darray\MSort.cpp(26): message :  查看对正在编译的函数 模板 实例化“void MSort<unsigned __int64>::CountSort(void)”的引用
E:\Git\-\库文件\alloc2darray\alloc2darray\alloc2darray.cpp(621): warning C4717:  “operator>=”: 如递归所有控件路径，函数将导致运行时堆栈溢出
    正在创建库 E:\Git\-\库文件\alloc2darray\Debug\alloc2darray.lib 和对象 E:\Git\-\库文件\alloc2darray\Debug\alloc2darray.exp
  alloc2darray.vcxproj -> E:\Git\-\库文件\alloc2darray\Debug\alloc2darray.dll
