g:\刷题\-\tecent\小q的歌单\小q的歌单\debug\vc141.pdb
g:\刷题\-\tecent\小q的歌单\小q的歌单\debug\vc141.idb
g:\刷题\-\tecent\小q的歌单\小q的歌单\debug\main.obj
g:\刷题\-\tecent\小q的歌单\debug\小q的歌单.lib
g:\刷题\-\tecent\小q的歌单\debug\小q的歌单.exp
g:\刷题\-\tecent\小q的歌单\debug\小q的歌单.pdb
g:\刷题\-\tecent\小q的歌单\小q的歌单\debug\小q的歌单.tlog\cl.command.1.tlog
g:\刷题\-\tecent\小q的歌单\小q的歌单\debug\小q的歌单.tlog\cl.read.1.tlog
g:\刷题\-\tecent\小q的歌单\小q的歌单\debug\小q的歌单.tlog\cl.write.1.tlog
g:\刷题\-\tecent\小q的歌单\小q的歌单\debug\小q的歌单.tlog\link-cvtres.read.1.tlog
g:\刷题\-\tecent\小q的歌单\小q的歌单\debug\小q的歌单.tlog\link-cvtres.write.1.tlog
g:\刷题\-\tecent\小q的歌单\小q的歌单\debug\小q的歌单.tlog\link-rc.read.1.tlog
g:\刷题\-\tecent\小q的歌单\小q的歌单\debug\小q的歌单.tlog\link-rc.write.1.tlog
g:\刷题\-\tecent\小q的歌单\小q的歌单\debug\小q的歌单.tlog\link.57964-cvtres.read.1.tlog
g:\刷题\-\tecent\小q的歌单\小q的歌单\debug\小q的歌单.tlog\link.57964-cvtres.write.1.tlog
g:\刷题\-\tecent\小q的歌单\小q的歌单\debug\小q的歌单.tlog\link.57964-rc.read.1.tlog
g:\刷题\-\tecent\小q的歌单\小q的歌单\debug\小q的歌单.tlog\link.57964-rc.write.1.tlog
g:\刷题\-\tecent\小q的歌单\小q的歌单\debug\小q的歌单.tlog\link.57964.read.1.tlog
g:\刷题\-\tecent\小q的歌单\小q的歌单\debug\小q的歌单.tlog\link.57964.write.1.tlog
g:\刷题\-\tecent\小q的歌单\小q的歌单\debug\小q的歌单.tlog\link.command.1.tlog
g:\刷题\-\tecent\小q的歌单\小q的歌单\debug\小q的歌单.tlog\link.read.1.tlog
g:\刷题\-\tecent\小q的歌单\小q的歌单\debug\小q的歌单.tlog\link.write.1.tlog
g:\刷题\-\tecent\小q的歌单\小q的歌单\debug\小q的歌单.tlog\小q的歌单.write.1u.tlog
