  main.cpp
g:\vsproject\py\q\q\main.cpp(141): error C2679: 二进制“=”: 没有找到接受“int”类型的右操作数的运算符(或没有可接受的转换)
  c:\program files (x86)\microsoft visual studio\2017\community\vc\tools\msvc\14.15.26726\include\vector(1419): note: 可能是“std::vector<std::vector<int,std::allocator<_Ty>>,std::allocator<std::vector<_Ty,std::allocator<_Ty>>>> &std::vector<std::vector<_Ty,std::allocator<_Ty>>,std::allocator<std::vector<_Ty,std::allocator<_Ty>>>>::operator =(std::initializer_list<std::vector<_Ty,std::allocator<_Ty>>>)”
          with
          [
              _Ty=int
          ]
  c:\program files (x86)\microsoft visual studio\2017\community\vc\tools\msvc\14.15.26726\include\vector(1398): note: 或    “std::vector<std::vector<int,std::allocator<_Ty>>,std::allocator<std::vector<_Ty,std::allocator<_Ty>>>> &std::vector<std::vector<_Ty,std::allocator<_Ty>>,std::allocator<std::vector<_Ty,std::allocator<_Ty>>>>::operator =(const std::vector<std::vector<_Ty,std::allocator<_Ty>>,std::allocator<std::vector<_Ty,std::allocator<_Ty>>>> &)”
          with
          [
              _Ty=int
          ]
  c:\program files (x86)\microsoft visual studio\2017\community\vc\tools\msvc\14.15.26726\include\vector(873): note: 或    “std::vector<std::vector<int,std::allocator<_Ty>>,std::allocator<std::vector<_Ty,std::allocator<_Ty>>>> &std::vector<std::vector<_Ty,std::allocator<_Ty>>,std::allocator<std::vector<_Ty,std::allocator<_Ty>>>>::operator =(std::vector<std::vector<_Ty,std::allocator<_Ty>>,std::allocator<std::vector<_Ty,std::allocator<_Ty>>>> &&) noexcept(<expr>)”
          with
          [
              _Ty=int
          ]
  g:\vsproject\py\q\q\main.cpp(141): note: 尝试匹配参数列表“(T, int)”时
          with
          [
              T=VVInt
          ]
  g:\vsproject\py\q\q\main.cpp(58): note: 参见对正在编译的函数 模板 实例化“T **CreateArray2D<VVInt>(int,int)”的引用
          with
          [
              T=VVInt
          ]
